10:53:09.951 INFO [GridLauncherV3.parse] - Selenium server version: 3.141.59, revision: e82be7d358
10:53:10.030 INFO [GridLauncherV3.lambda$buildLaunchers$3] - Launching a standalone Selenium Server on port 4444
2019-10-09 10:53:10.094:INFO::main: Logging initialized @361ms to org.seleniumhq.jetty9.util.log.StdErrLog
10:53:10.366 INFO [WebDriverServlet.<init>] - Initialising WebDriverServlet
10:53:10.971 INFO [SeleniumServer.boot] - Selenium Server is up and running on port 4444
10:53:11.260 INFO [ActiveSessionFactory.apply] - Capabilities are: {
  "acceptSslCerts": true,
  "browserName": "chrome",
  "chromeOptions": {
    "w3c": false
  },
  "name": "Evens And Odds Test"
}
10:53:11.262 INFO [ActiveSessionFactory.lambda$apply$11] - Matched factory org.openqa.selenium.grid.session.remote.ServicedSession$Factory (provider: org.openqa.selenium.chrome.ChromeDriverService)
Starting ChromeDriver 77.0.3865.40 (f484704e052e0b556f8030b65b953dce96503217-refs/branch-heads/3865@{#442}) on port 11562
Only local connections are allowed.
Please protect ports used by ChromeDriver and related test frameworks to prevent access by malicious code.
[1570639994.877][WARNING]: Timed out connecting to Chrome, retrying...
10:53:16.921 INFO [ProtocolHandshake.createSession] - Detected dialect: OSS
10:53:17.165 INFO [RemoteSession$Factory.lambda$performHandshake$0] - Started new session 2d5bb60db61d4667019c254bde19d15f (org.openqa.selenium.chrome.ChromeDriverService)
10:53:20.098 INFO [ActiveSessions$1.onStop] - Removing session 2d5bb60db61d4667019c254bde19d15f (org.openqa.selenium.chrome.ChromeDriverService)
